{"/Users/jenniferlawrence/codefellows/401/labs/08-09-http-routing-rest/src/lib/body-parser.js": {"path":"/Users/jenniferlawrence/codefellows/401/labs/08-09-http-routing-rest/src/lib/body-parser.js","statementMap":{"0":{"start":{"line":3,"column":12},"end":{"line":3,"column":26}},"1":{"start":{"line":4,"column":20},"end":{"line":4,"column":42}},"2":{"start":{"line":7,"column":0},"end":{"line":39,"column":2}},"3":{"start":{"line":8,"column":2},"end":{"line":38,"column":5}},"4":{"start":{"line":9,"column":4},"end":{"line":9,"column":100}},"5":{"start":{"line":9,"column":34},"end":{"line":9,"column":100}},"6":{"start":{"line":11,"column":4},"end":{"line":11,"column":41}},"7":{"start":{"line":12,"column":4},"end":{"line":12,"column":61}},"8":{"start":{"line":14,"column":4},"end":{"line":16,"column":5}},"9":{"start":{"line":15,"column":6},"end":{"line":15,"column":30}},"10":{"start":{"line":18,"column":18},"end":{"line":18,"column":20}},"11":{"start":{"line":20,"column":4},"end":{"line":22,"column":7}},"12":{"start":{"line":21,"column":6},"end":{"line":21,"column":33}},"13":{"start":{"line":24,"column":4},"end":{"line":34,"column":7}},"14":{"start":{"line":28,"column":6},"end":{"line":33,"column":7}},"15":{"start":{"line":29,"column":8},"end":{"line":29,"column":43}},"16":{"start":{"line":30,"column":8},"end":{"line":30,"column":32}},"17":{"start":{"line":32,"column":8},"end":{"line":32,"column":29}},"18":{"start":{"line":36,"column":4},"end":{"line":36,"column":32}},"19":{"start":{"line":37,"column":4},"end":{"line":37,"column":21}}},"fnMap":{"0":{"name":"(anonymous_0)","decl":{"start":{"line":7,"column":17},"end":{"line":7,"column":18}},"loc":{"start":{"line":7,"column":30},"end":{"line":39,"column":1}},"line":7},"1":{"name":"(anonymous_1)","decl":{"start":{"line":8,"column":21},"end":{"line":8,"column":22}},"loc":{"start":{"line":8,"column":42},"end":{"line":38,"column":3}},"line":8},"2":{"name":"(anonymous_2)","decl":{"start":{"line":20,"column":23},"end":{"line":20,"column":24}},"loc":{"start":{"line":20,"column":33},"end":{"line":22,"column":5}},"line":20},"3":{"name":"(anonymous_3)","decl":{"start":{"line":24,"column":22},"end":{"line":24,"column":23}},"loc":{"start":{"line":24,"column":28},"end":{"line":34,"column":5}},"line":24}},"branchMap":{"0":{"loc":{"start":{"line":9,"column":4},"end":{"line":9,"column":100}},"type":"if","locations":[{"start":{"line":9,"column":4},"end":{"line":9,"column":100}},{"start":{"line":9,"column":4},"end":{"line":9,"column":100}}],"line":9},"1":{"loc":{"start":{"line":9,"column":8},"end":{"line":9,"column":32}},"type":"binary-expr","locations":[{"start":{"line":9,"column":8},"end":{"line":9,"column":16}},{"start":{"line":9,"column":20},"end":{"line":9,"column":32}}],"line":9},"2":{"loc":{"start":{"line":14,"column":4},"end":{"line":16,"column":5}},"type":"if","locations":[{"start":{"line":14,"column":4},"end":{"line":16,"column":5}},{"start":{"line":14,"column":4},"end":{"line":16,"column":5}}],"line":14}},"s":{"0":1,"1":1,"2":1,"3":6,"4":6,"5":0,"6":6,"7":6,"8":6,"9":4,"10":2,"11":2,"12":2,"13":2,"14":2,"15":2,"16":2,"17":0,"18":2,"19":2},"f":{"0":6,"1":6,"2":2,"3":2},"b":{"0":[0,6],"1":[6,6],"2":[4,2]},"_coverageSchema":"332fd63041d2c1bcb487cc26dd0d5f7d97098a6c","hash":"025b04c9cffedf1912b759c5fe58069dc75c00d2"}
,"/Users/jenniferlawrence/codefellows/401/labs/08-09-http-routing-rest/src/lib/logger.js": {"path":"/Users/jenniferlawrence/codefellows/401/labs/08-09-http-routing-rest/src/lib/logger.js","statementMap":{"0":{"start":{"line":3,"column":16},"end":{"line":3,"column":34}},"1":{"start":{"line":5,"column":15},"end":{"line":12,"column":2}},"2":{"start":{"line":14,"column":0},"end":{"line":14,"column":21}},"3":{"start":{"line":15,"column":0},"end":{"line":15,"column":23}}},"fnMap":{},"branchMap":{},"s":{"0":1,"1":1,"2":1,"3":1},"f":{},"b":{},"_coverageSchema":"332fd63041d2c1bcb487cc26dd0d5f7d97098a6c","hash":"2a925cdb6f1719474990c698c52db6b57cc86a0c"}
,"/Users/jenniferlawrence/codefellows/401/labs/08-09-http-routing-rest/src/lib/response.js": {"path":"/Users/jenniferlawrence/codefellows/401/labs/08-09-http-routing-rest/src/lib/response.js","statementMap":{"0":{"start":{"line":3,"column":17},"end":{"line":3,"column":36}},"1":{"start":{"line":5,"column":0},"end":{"line":10,"column":2}},"2":{"start":{"line":6,"column":2},"end":{"line":6,"column":64}},"3":{"start":{"line":7,"column":2},"end":{"line":7,"column":34}},"4":{"start":{"line":8,"column":2},"end":{"line":8,"column":12}},"5":{"start":{"line":9,"column":2},"end":{"line":9,"column":19}},"6":{"start":{"line":12,"column":0},"end":{"line":17,"column":2}},"7":{"start":{"line":13,"column":2},"end":{"line":13,"column":58}},"8":{"start":{"line":14,"column":2},"end":{"line":14,"column":17}},"9":{"start":{"line":15,"column":2},"end":{"line":15,"column":12}},"10":{"start":{"line":16,"column":2},"end":{"line":16,"column":19}}},"fnMap":{"0":{"name":"(anonymous_0)","decl":{"start":{"line":5,"column":20},"end":{"line":5,"column":21}},"loc":{"start":{"line":5,"column":43},"end":{"line":10,"column":1}},"line":5},"1":{"name":"(anonymous_1)","decl":{"start":{"line":12,"column":21},"end":{"line":12,"column":22}},"loc":{"start":{"line":12,"column":43},"end":{"line":17,"column":1}},"line":12}},"branchMap":{},"s":{"0":1,"1":1,"2":3,"3":3,"4":3,"5":3,"6":1,"7":3,"8":3,"9":3,"10":3},"f":{"0":3,"1":3},"b":{},"_coverageSchema":"332fd63041d2c1bcb487cc26dd0d5f7d97098a6c","hash":"16a782353a2609a95df100262be047df60490411"}
,"/Users/jenniferlawrence/codefellows/401/labs/08-09-http-routing-rest/src/lib/router.js": {"path":"/Users/jenniferlawrence/codefellows/401/labs/08-09-http-routing-rest/src/lib/router.js","statementMap":{"0":{"start":{"line":3,"column":15},"end":{"line":3,"column":34}},"1":{"start":{"line":4,"column":19},"end":{"line":4,"column":43}},"2":{"start":{"line":5,"column":23},"end":{"line":5,"column":44}},"3":{"start":{"line":8,"column":0},"end":{"line":52,"column":2}},"4":{"start":{"line":10,"column":4},"end":{"line":15,"column":6}},"5":{"start":{"line":19,"column":4},"end":{"line":19,"column":41}},"6":{"start":{"line":23,"column":4},"end":{"line":23,"column":42}},"7":{"start":{"line":27,"column":4},"end":{"line":27,"column":41}},"8":{"start":{"line":30,"column":4},"end":{"line":30,"column":44}},"9":{"start":{"line":34,"column":4},"end":{"line":50,"column":6}},"10":{"start":{"line":35,"column":6},"end":{"line":49,"column":11}},"11":{"start":{"line":38,"column":42},"end":{"line":38,"column":91}},"12":{"start":{"line":39,"column":29},"end":{"line":39,"column":74}},"13":{"start":{"line":40,"column":10},"end":{"line":40,"column":76}},"14":{"start":{"line":40,"column":26},"end":{"line":40,"column":76}},"15":{"start":{"line":42,"column":10},"end":{"line":42,"column":74}},"16":{"start":{"line":43,"column":10},"end":{"line":43,"column":27}},"17":{"start":{"line":46,"column":10},"end":{"line":46,"column":57}},"18":{"start":{"line":47,"column":10},"end":{"line":47,"column":69}},"19":{"start":{"line":48,"column":10},"end":{"line":48,"column":27}}},"fnMap":{"0":{"name":"(anonymous_0)","decl":{"start":{"line":9,"column":2},"end":{"line":9,"column":3}},"loc":{"start":{"line":9,"column":16},"end":{"line":16,"column":3}},"line":9},"1":{"name":"(anonymous_1)","decl":{"start":{"line":18,"column":2},"end":{"line":18,"column":3}},"loc":{"start":{"line":18,"column":26},"end":{"line":20,"column":3}},"line":18},"2":{"name":"(anonymous_2)","decl":{"start":{"line":22,"column":2},"end":{"line":22,"column":3}},"loc":{"start":{"line":22,"column":27},"end":{"line":24,"column":3}},"line":22},"3":{"name":"(anonymous_3)","decl":{"start":{"line":26,"column":2},"end":{"line":26,"column":3}},"loc":{"start":{"line":26,"column":26},"end":{"line":28,"column":3}},"line":26},"4":{"name":"(anonymous_4)","decl":{"start":{"line":29,"column":2},"end":{"line":29,"column":3}},"loc":{"start":{"line":29,"column":29},"end":{"line":31,"column":3}},"line":29},"5":{"name":"(anonymous_5)","decl":{"start":{"line":33,"column":2},"end":{"line":33,"column":3}},"loc":{"start":{"line":33,"column":10},"end":{"line":51,"column":3}},"line":33},"6":{"name":"(anonymous_6)","decl":{"start":{"line":34,"column":11},"end":{"line":34,"column":12}},"loc":{"start":{"line":34,"column":34},"end":{"line":50,"column":5}},"line":34},"7":{"name":"(anonymous_7)","decl":{"start":{"line":36,"column":14},"end":{"line":36,"column":15}},"loc":{"start":{"line":36,"column":20},"end":{"line":44,"column":9}},"line":36},"8":{"name":"(anonymous_8)","decl":{"start":{"line":45,"column":15},"end":{"line":45,"column":16}},"loc":{"start":{"line":45,"column":26},"end":{"line":49,"column":9}},"line":45}},"branchMap":{"0":{"loc":{"start":{"line":40,"column":10},"end":{"line":40,"column":76}},"type":"if","locations":[{"start":{"line":40,"column":10},"end":{"line":40,"column":76}},{"start":{"line":40,"column":10},"end":{"line":40,"column":76}}],"line":40}},"s":{"0":1,"1":1,"2":1,"3":1,"4":1,"5":1,"6":1,"7":0,"8":1,"9":1,"10":6,"11":6,"12":6,"13":6,"14":6,"15":0,"16":0,"17":0,"18":0,"19":0},"f":{"0":1,"1":1,"2":1,"3":0,"4":1,"5":1,"6":6,"7":6,"8":0},"b":{"0":[6,0]},"_coverageSchema":"332fd63041d2c1bcb487cc26dd0d5f7d97098a6c","hash":"25bda144e9da1cd88066bcd127c75841e70b426c"}
,"/Users/jenniferlawrence/codefellows/401/labs/08-09-http-routing-rest/src/lib/server.js": {"path":"/Users/jenniferlawrence/codefellows/401/labs/08-09-http-routing-rest/src/lib/server.js","statementMap":{"0":{"start":{"line":3,"column":13},"end":{"line":3,"column":28}},"1":{"start":{"line":5,"column":15},"end":{"line":5,"column":34}},"2":{"start":{"line":6,"column":15},"end":{"line":6,"column":34}},"3":{"start":{"line":8,"column":15},"end":{"line":8,"column":27}},"4":{"start":{"line":9,"column":0},"end":{"line":9,"column":41}},"5":{"start":{"line":11,"column":12},"end":{"line":11,"column":45}},"6":{"start":{"line":13,"column":0},"end":{"line":13,"column":62}},"7":{"start":{"line":13,"column":35},"end":{"line":13,"column":61}},"8":{"start":{"line":14,"column":0},"end":{"line":14,"column":46}},"9":{"start":{"line":14,"column":26},"end":{"line":14,"column":45}}},"fnMap":{"0":{"name":"(anonymous_0)","decl":{"start":{"line":13,"column":15},"end":{"line":13,"column":16}},"loc":{"start":{"line":13,"column":35},"end":{"line":13,"column":61}},"line":13},"1":{"name":"(anonymous_1)","decl":{"start":{"line":14,"column":14},"end":{"line":14,"column":15}},"loc":{"start":{"line":14,"column":26},"end":{"line":14,"column":45}},"line":14}},"branchMap":{},"s":{"0":1,"1":1,"2":1,"3":1,"4":1,"5":1,"6":1,"7":1,"8":1,"9":1},"f":{"0":1,"1":1},"b":{},"_coverageSchema":"332fd63041d2c1bcb487cc26dd0d5f7d97098a6c","hash":"d0f6e495b68892b428f53a4e696da92420affd39"}
,"/Users/jenniferlawrence/codefellows/401/labs/08-09-http-routing-rest/src/lib/storage.js": {"path":"/Users/jenniferlawrence/codefellows/401/labs/08-09-http-routing-rest/src/lib/storage.js","statementMap":{"0":{"start":{"line":3,"column":15},"end":{"line":3,"column":34}},"1":{"start":{"line":5,"column":16},"end":{"line":5,"column":35}},"2":{"start":{"line":6,"column":15},"end":{"line":6,"column":17}},"3":{"start":{"line":11,"column":0},"end":{"line":20,"column":2}},"4":{"start":{"line":12,"column":2},"end":{"line":19,"column":5}},"5":{"start":{"line":13,"column":4},"end":{"line":13,"column":87}},"6":{"start":{"line":13,"column":17},"end":{"line":13,"column":87}},"7":{"start":{"line":14,"column":4},"end":{"line":14,"column":106}},"8":{"start":{"line":14,"column":29},"end":{"line":14,"column":106}},"9":{"start":{"line":15,"column":4},"end":{"line":15,"column":45}},"10":{"start":{"line":15,"column":25},"end":{"line":15,"column":45}},"11":{"start":{"line":16,"column":4},"end":{"line":16,"column":36}},"12":{"start":{"line":17,"column":4},"end":{"line":17,"column":87}},"13":{"start":{"line":18,"column":4},"end":{"line":18,"column":25}},"14":{"start":{"line":24,"column":0},"end":{"line":30,"column":2}},"15":{"start":{"line":25,"column":2},"end":{"line":28,"column":3}},"16":{"start":{"line":26,"column":4},"end":{"line":26,"column":97}},"17":{"start":{"line":27,"column":4},"end":{"line":27,"column":48}},"18":{"start":{"line":29,"column":2},"end":{"line":29,"column":55}},"19":{"start":{"line":32,"column":0},"end":{"line":39,"column":2}},"20":{"start":{"line":33,"column":2},"end":{"line":37,"column":3}},"21":{"start":{"line":34,"column":16},"end":{"line":34,"column":35}},"22":{"start":{"line":35,"column":4},"end":{"line":35,"column":31}},"23":{"start":{"line":36,"column":4},"end":{"line":36,"column":32}},"24":{"start":{"line":38,"column":2},"end":{"line":38,"column":82}}},"fnMap":{"0":{"name":"(anonymous_0)","decl":{"start":{"line":11,"column":15},"end":{"line":11,"column":16}},"loc":{"start":{"line":11,"column":33},"end":{"line":20,"column":1}},"line":11},"1":{"name":"(anonymous_1)","decl":{"start":{"line":12,"column":21},"end":{"line":12,"column":22}},"loc":{"start":{"line":12,"column":42},"end":{"line":19,"column":3}},"line":12},"2":{"name":"(anonymous_2)","decl":{"start":{"line":24,"column":14},"end":{"line":24,"column":15}},"loc":{"start":{"line":24,"column":31},"end":{"line":30,"column":1}},"line":24},"3":{"name":"(anonymous_3)","decl":{"start":{"line":32,"column":17},"end":{"line":32,"column":18}},"loc":{"start":{"line":32,"column":34},"end":{"line":39,"column":1}},"line":32}},"branchMap":{"0":{"loc":{"start":{"line":13,"column":4},"end":{"line":13,"column":87}},"type":"if","locations":[{"start":{"line":13,"column":4},"end":{"line":13,"column":87}},{"start":{"line":13,"column":4},"end":{"line":13,"column":87}}],"line":13},"1":{"loc":{"start":{"line":14,"column":4},"end":{"line":14,"column":106}},"type":"if","locations":[{"start":{"line":14,"column":4},"end":{"line":14,"column":106}},{"start":{"line":14,"column":4},"end":{"line":14,"column":106}}],"line":14},"2":{"loc":{"start":{"line":14,"column":8},"end":{"line":14,"column":27}},"type":"binary-expr","locations":[{"start":{"line":14,"column":8},"end":{"line":14,"column":13}},{"start":{"line":14,"column":17},"end":{"line":14,"column":27}}],"line":14},"3":{"loc":{"start":{"line":15,"column":4},"end":{"line":15,"column":45}},"type":"if","locations":[{"start":{"line":15,"column":4},"end":{"line":15,"column":45}},{"start":{"line":15,"column":4},"end":{"line":15,"column":45}}],"line":15},"4":{"loc":{"start":{"line":25,"column":2},"end":{"line":28,"column":3}},"type":"if","locations":[{"start":{"line":25,"column":2},"end":{"line":28,"column":3}},{"start":{"line":25,"column":2},"end":{"line":28,"column":3}}],"line":25},"5":{"loc":{"start":{"line":33,"column":2},"end":{"line":37,"column":3}},"type":"if","locations":[{"start":{"line":33,"column":2},"end":{"line":37,"column":3}},{"start":{"line":33,"column":2},"end":{"line":37,"column":3}}],"line":33}},"s":{"0":1,"1":1,"2":1,"3":1,"4":8,"5":8,"6":0,"7":8,"8":1,"9":7,"10":1,"11":7,"12":7,"13":7,"14":1,"15":1,"16":1,"17":1,"18":0,"19":1,"20":2,"21":1,"22":1,"23":1,"24":1},"f":{"0":8,"1":8,"2":1,"3":2},"b":{"0":[0,8],"1":[1,7],"2":[8,8],"3":[1,6],"4":[1,0],"5":[1,1]},"_coverageSchema":"332fd63041d2c1bcb487cc26dd0d5f7d97098a6c","hash":"d446a219dd4660fc6e6ae3cf49c40b322e97c671"}
,"/Users/jenniferlawrence/codefellows/401/labs/08-09-http-routing-rest/src/model/puppy.js": {"path":"/Users/jenniferlawrence/codefellows/401/labs/08-09-http-routing-rest/src/model/puppy.js","statementMap":{"0":{"start":{"line":3,"column":13},"end":{"line":3,"column":31}},"1":{"start":{"line":4,"column":16},"end":{"line":4,"column":41}},"2":{"start":{"line":6,"column":0},"end":{"line":25,"column":2}},"3":{"start":{"line":8,"column":4},"end":{"line":8,"column":22}},"4":{"start":{"line":9,"column":4},"end":{"line":9,"column":32}},"5":{"start":{"line":10,"column":4},"end":{"line":10,"column":28}},"6":{"start":{"line":11,"column":4},"end":{"line":11,"column":30}},"7":{"start":{"line":15,"column":4},"end":{"line":15,"column":39}},"8":{"start":{"line":19,"column":4},"end":{"line":19,"column":37}},"9":{"start":{"line":23,"column":4},"end":{"line":23,"column":40}}},"fnMap":{"0":{"name":"(anonymous_0)","decl":{"start":{"line":7,"column":2},"end":{"line":7,"column":3}},"loc":{"start":{"line":7,"column":22},"end":{"line":12,"column":3}},"line":7},"1":{"name":"(anonymous_1)","decl":{"start":{"line":14,"column":2},"end":{"line":14,"column":3}},"loc":{"start":{"line":14,"column":9},"end":{"line":16,"column":3}},"line":14},"2":{"name":"(anonymous_2)","decl":{"start":{"line":18,"column":2},"end":{"line":18,"column":3}},"loc":{"start":{"line":18,"column":22},"end":{"line":20,"column":3}},"line":18},"3":{"name":"(anonymous_3)","decl":{"start":{"line":22,"column":2},"end":{"line":22,"column":3}},"loc":{"start":{"line":22,"column":21},"end":{"line":24,"column":3}},"line":22}},"branchMap":{},"s":{"0":1,"1":1,"2":1,"3":8,"4":8,"5":8,"6":8,"7":8,"8":1,"9":2},"f":{"0":8,"1":8,"2":1,"3":2},"b":{},"_coverageSchema":"332fd63041d2c1bcb487cc26dd0d5f7d97098a6c","hash":"847cf61a18cf43f19257222963429bfcd881e0bc"}
,"/Users/jenniferlawrence/codefellows/401/labs/08-09-http-routing-rest/src/route/puppy-router.js": {"path":"/Users/jenniferlawrence/codefellows/401/labs/08-09-http-routing-rest/src/route/puppy-router.js","statementMap":{"0":{"start":{"line":3,"column":14},"end":{"line":3,"column":39}},"1":{"start":{"line":4,"column":15},"end":{"line":4,"column":39}},"2":{"start":{"line":5,"column":23},"end":{"line":5,"column":49}},"3":{"start":{"line":7,"column":0},"end":{"line":57,"column":2}},"4":{"start":{"line":8,"column":2},"end":{"line":21,"column":5}},"5":{"start":{"line":9,"column":4},"end":{"line":9,"column":63}},"6":{"start":{"line":10,"column":21},"end":{"line":10,"column":44}},"7":{"start":{"line":11,"column":4},"end":{"line":20,"column":9}},"8":{"start":{"line":13,"column":8},"end":{"line":13,"column":54}},"9":{"start":{"line":14,"column":8},"end":{"line":14,"column":25}},"10":{"start":{"line":17,"column":8},"end":{"line":17,"column":105}},"11":{"start":{"line":18,"column":8},"end":{"line":18,"column":63}},"12":{"start":{"line":19,"column":8},"end":{"line":19,"column":25}},"13":{"start":{"line":24,"column":2},"end":{"line":39,"column":5}},"14":{"start":{"line":25,"column":4},"end":{"line":25,"column":62}},"15":{"start":{"line":26,"column":4},"end":{"line":29,"column":5}},"16":{"start":{"line":27,"column":6},"end":{"line":27,"column":77}},"17":{"start":{"line":28,"column":6},"end":{"line":28,"column":23}},"18":{"start":{"line":31,"column":4},"end":{"line":37,"column":9}},"19":{"start":{"line":33,"column":8},"end":{"line":33,"column":54}},"20":{"start":{"line":36,"column":8},"end":{"line":36,"column":63}},"21":{"start":{"line":38,"column":4},"end":{"line":38,"column":21}},"22":{"start":{"line":41,"column":2},"end":{"line":56,"column":5}},"23":{"start":{"line":42,"column":4},"end":{"line":42,"column":65}},"24":{"start":{"line":43,"column":4},"end":{"line":46,"column":5}},"25":{"start":{"line":44,"column":6},"end":{"line":44,"column":77}},"26":{"start":{"line":45,"column":6},"end":{"line":45,"column":23}},"27":{"start":{"line":48,"column":4},"end":{"line":54,"column":9}},"28":{"start":{"line":50,"column":8},"end":{"line":50,"column":56}},"29":{"start":{"line":53,"column":8},"end":{"line":53,"column":63}},"30":{"start":{"line":55,"column":4},"end":{"line":55,"column":21}}},"fnMap":{"0":{"name":"(anonymous_0)","decl":{"start":{"line":7,"column":17},"end":{"line":7,"column":18}},"loc":{"start":{"line":7,"column":29},"end":{"line":57,"column":1}},"line":7},"1":{"name":"(anonymous_1)","decl":{"start":{"line":8,"column":31},"end":{"line":8,"column":32}},"loc":{"start":{"line":8,"column":54},"end":{"line":21,"column":3}},"line":8},"2":{"name":"(anonymous_2)","decl":{"start":{"line":12,"column":12},"end":{"line":12,"column":13}},"loc":{"start":{"line":12,"column":23},"end":{"line":15,"column":7}},"line":12},"3":{"name":"(anonymous_3)","decl":{"start":{"line":16,"column":13},"end":{"line":16,"column":14}},"loc":{"start":{"line":16,"column":24},"end":{"line":20,"column":7}},"line":16},"4":{"name":"(anonymous_4)","decl":{"start":{"line":24,"column":30},"end":{"line":24,"column":31}},"loc":{"start":{"line":24,"column":53},"end":{"line":39,"column":3}},"line":24},"5":{"name":"(anonymous_5)","decl":{"start":{"line":32,"column":12},"end":{"line":32,"column":13}},"loc":{"start":{"line":32,"column":23},"end":{"line":34,"column":7}},"line":32},"6":{"name":"(anonymous_6)","decl":{"start":{"line":35,"column":13},"end":{"line":35,"column":14}},"loc":{"start":{"line":35,"column":24},"end":{"line":37,"column":7}},"line":35},"7":{"name":"(anonymous_7)","decl":{"start":{"line":41,"column":33},"end":{"line":41,"column":34}},"loc":{"start":{"line":41,"column":56},"end":{"line":56,"column":3}},"line":41},"8":{"name":"(anonymous_8)","decl":{"start":{"line":49,"column":12},"end":{"line":49,"column":13}},"loc":{"start":{"line":49,"column":25},"end":{"line":51,"column":7}},"line":49},"9":{"name":"(anonymous_9)","decl":{"start":{"line":52,"column":13},"end":{"line":52,"column":14}},"loc":{"start":{"line":52,"column":24},"end":{"line":54,"column":7}},"line":52}},"branchMap":{"0":{"loc":{"start":{"line":26,"column":4},"end":{"line":29,"column":5}},"type":"if","locations":[{"start":{"line":26,"column":4},"end":{"line":29,"column":5}},{"start":{"line":26,"column":4},"end":{"line":29,"column":5}}],"line":26},"1":{"loc":{"start":{"line":43,"column":4},"end":{"line":46,"column":5}},"type":"if","locations":[{"start":{"line":43,"column":4},"end":{"line":46,"column":5}},{"start":{"line":43,"column":4},"end":{"line":46,"column":5}}],"line":43}},"s":{"0":1,"1":1,"2":1,"3":1,"4":1,"5":2,"6":2,"7":2,"8":1,"9":1,"10":1,"11":1,"12":1,"13":1,"14":2,"15":2,"16":1,"17":1,"18":1,"19":1,"20":0,"21":1,"22":1,"23":2,"24":2,"25":0,"26":0,"27":2,"28":1,"29":1,"30":2},"f":{"0":1,"1":2,"2":1,"3":1,"4":2,"5":1,"6":0,"7":2,"8":1,"9":1},"b":{"0":[1,1],"1":[0,2]},"_coverageSchema":"332fd63041d2c1bcb487cc26dd0d5f7d97098a6c","hash":"c7535261e9d670865b733433bb665a1a416be9e1"}
}
