TN:
SF:/Users/jenniferlawrence/codefellows/401/labs/08-09-http-routing-rest/src/lib/body-parser.js
FN:7,(anonymous_0)
FN:8,(anonymous_1)
FN:23,(anonymous_2)
FN:28,(anonymous_3)
FNF:4
FNH:4
FNDA:2,(anonymous_0)
FNDA:2,(anonymous_1)
FNDA:2,(anonymous_2)
FNDA:2,(anonymous_3)
DA:3,1
DA:4,1
DA:7,1
DA:8,2
DA:9,2
DA:11,2
DA:12,2
DA:16,2
DA:17,0
DA:20,2
DA:23,2
DA:25,2
DA:28,2
DA:32,2
DA:33,2
DA:35,2
DA:37,0
DA:42,2
DA:44,2
LF:19
LH:17
BRDA:9,0,0,0
BRDA:9,0,1,2
BRDA:9,1,0,2
BRDA:9,1,1,2
BRDA:16,2,0,0
BRDA:16,2,1,2
BRF:6
BRH:4
end_of_record
TN:
SF:/Users/jenniferlawrence/codefellows/401/labs/08-09-http-routing-rest/src/lib/logger.js
FNF:0
FNH:0
DA:3,1
DA:5,1
DA:14,1
DA:15,1
LF:4
LH:4
BRF:0
BRH:0
end_of_record
TN:
SF:/Users/jenniferlawrence/codefellows/401/labs/08-09-http-routing-rest/src/lib/response.js
FN:5,(anonymous_0)
FN:12,(anonymous_1)
FNF:2
FNH:1
FNDA:0,(anonymous_0)
FNDA:2,(anonymous_1)
DA:3,1
DA:5,1
DA:6,0
DA:7,0
DA:8,0
DA:9,0
DA:12,1
DA:13,2
DA:14,2
DA:15,2
DA:16,2
LF:11
LH:7
BRF:0
BRH:0
end_of_record
TN:
SF:/Users/jenniferlawrence/codefellows/401/labs/08-09-http-routing-rest/src/lib/router.js
FN:9,(anonymous_0)
FN:36,(anonymous_1)
FN:40,(anonymous_2)
FN:44,(anonymous_3)
FN:47,(anonymous_4)
FN:51,(anonymous_5)
FN:52,(anonymous_6)
FN:61,(anonymous_7)
FN:69,(anonymous_8)
FNF:9
FNH:7
FNDA:1,(anonymous_0)
FNDA:1,(anonymous_1)
FNDA:1,(anonymous_2)
FNDA:0,(anonymous_3)
FNDA:1,(anonymous_4)
FNDA:1,(anonymous_5)
FNDA:2,(anonymous_6)
FNDA:2,(anonymous_7)
FNDA:0,(anonymous_8)
DA:3,1
DA:4,1
DA:5,1
DA:8,1
DA:10,1
DA:37,1
DA:41,1
DA:45,0
DA:48,1
DA:52,1
DA:53,2
DA:63,2
DA:64,2
DA:65,2
DA:66,0
DA:67,0
DA:70,0
DA:71,0
DA:72,0
LF:19
LH:13
BRDA:65,0,0,2
BRDA:65,0,1,0
BRF:2
BRH:1
end_of_record
TN:
SF:/Users/jenniferlawrence/codefellows/401/labs/08-09-http-routing-rest/src/lib/server.js
FN:13,(anonymous_0)
FN:14,(anonymous_1)
FNF:2
FNH:2
FNDA:1,(anonymous_0)
FNDA:1,(anonymous_1)
DA:3,1
DA:5,1
DA:6,1
DA:8,1
DA:9,1
DA:11,1
DA:13,1
DA:14,1
LF:8
LH:8
BRF:0
BRH:0
end_of_record
TN:
SF:/Users/jenniferlawrence/codefellows/401/labs/08-09-http-routing-rest/src/lib/storage.js
FN:11,(anonymous_0)
FN:12,(anonymous_1)
FN:24,(anonymous_2)
FN:32,(anonymous_3)
FNF:4
FNH:2
FNDA:8,(anonymous_0)
FNDA:8,(anonymous_1)
FNDA:0,(anonymous_2)
FNDA:0,(anonymous_3)
DA:3,1
DA:5,1
DA:6,1
DA:11,1
DA:12,8
DA:13,8
DA:14,8
DA:15,0
DA:16,0
DA:17,0
DA:18,0
DA:24,1
DA:25,0
DA:26,0
DA:27,0
DA:29,0
DA:32,1
DA:33,0
DA:34,0
DA:35,0
DA:36,0
DA:38,0
LF:22
LH:9
BRDA:13,0,0,0
BRDA:13,0,1,8
BRDA:14,1,0,8
BRDA:14,1,1,0
BRDA:14,2,0,8
BRDA:14,2,1,8
BRDA:15,3,0,0
BRDA:15,3,1,0
BRDA:25,4,0,0
BRDA:25,4,1,0
BRDA:33,5,0,0
BRDA:33,5,1,0
BRF:12
BRH:4
end_of_record
TN:
SF:/Users/jenniferlawrence/codefellows/401/labs/08-09-http-routing-rest/src/model/puppy.js
FN:7,(anonymous_0)
FN:14,(anonymous_1)
FN:18,(anonymous_2)
FN:22,(anonymous_3)
FNF:4
FNH:2
FNDA:8,(anonymous_0)
FNDA:8,(anonymous_1)
FNDA:0,(anonymous_2)
FNDA:0,(anonymous_3)
DA:3,1
DA:4,1
DA:6,1
DA:8,8
DA:9,8
DA:10,8
DA:11,8
DA:15,8
DA:19,0
DA:23,0
LF:10
LH:8
BRDA:11,0,0,8
BRDA:11,0,1,1
BRF:2
BRH:2
end_of_record
TN:
SF:/Users/jenniferlawrence/codefellows/401/labs/08-09-http-routing-rest/src/route/puppy-router.js
FN:7,(anonymous_0)
FN:8,(anonymous_1)
FN:12,(anonymous_2)
FN:16,(anonymous_3)
FN:24,(anonymous_4)
FN:31,(anonymous_5)
FN:34,(anonymous_6)
FN:41,(anonymous_7)
FN:47,(anonymous_8)
FN:52,(anonymous_9)
FNF:10
FNH:3
FNDA:1,(anonymous_0)
FNDA:2,(anonymous_1)
FNDA:0,(anonymous_2)
FNDA:2,(anonymous_3)
FNDA:0,(anonymous_4)
FNDA:0,(anonymous_5)
FNDA:0,(anonymous_6)
FNDA:0,(anonymous_7)
FNDA:0,(anonymous_8)
FNDA:0,(anonymous_9)
DA:3,1
DA:4,1
DA:5,1
DA:7,1
DA:8,1
DA:9,2
DA:10,2
DA:11,2
DA:13,0
DA:14,0
DA:17,2
DA:18,2
DA:19,2
DA:24,1
DA:25,0
DA:26,0
DA:27,0
DA:30,0
DA:32,0
DA:35,0
DA:36,0
DA:38,0
DA:41,1
DA:42,0
DA:43,0
DA:44,0
DA:46,0
DA:48,0
DA:53,0
DA:54,0
DA:56,0
LF:31
LH:13
BRDA:25,0,0,0
BRDA:25,0,1,0
BRDA:42,1,0,0
BRDA:42,1,1,0
BRF:4
BRH:0
end_of_record
