TN:
SF:/Users/jenniferlawrence/codefellows/401/labs/08-09-http-routing-rest/src/lib/body-parser.js
FN:7,(anonymous_0)
FN:8,(anonymous_1)
FN:20,(anonymous_2)
FN:24,(anonymous_3)
FNF:4
FNH:4
FNDA:6,(anonymous_0)
FNDA:6,(anonymous_1)
FNDA:2,(anonymous_2)
FNDA:2,(anonymous_3)
DA:3,1
DA:4,1
DA:7,1
DA:8,6
DA:9,6
DA:11,6
DA:12,6
DA:14,6
DA:15,4
DA:18,2
DA:20,2
DA:21,2
DA:24,2
DA:28,2
DA:29,2
DA:30,2
DA:32,0
DA:36,2
DA:37,2
LF:19
LH:18
BRDA:9,0,0,0
BRDA:9,0,1,6
BRDA:9,1,0,6
BRDA:9,1,1,6
BRDA:14,2,0,4
BRDA:14,2,1,2
BRF:6
BRH:5
end_of_record
TN:
SF:/Users/jenniferlawrence/codefellows/401/labs/08-09-http-routing-rest/src/lib/logger.js
FNF:0
FNH:0
DA:3,1
DA:5,1
DA:14,1
DA:15,1
LF:4
LH:4
BRF:0
BRH:0
end_of_record
TN:
SF:/Users/jenniferlawrence/codefellows/401/labs/08-09-http-routing-rest/src/lib/response.js
FN:5,(anonymous_0)
FN:12,(anonymous_1)
FNF:2
FNH:2
FNDA:3,(anonymous_0)
FNDA:3,(anonymous_1)
DA:3,1
DA:5,1
DA:6,3
DA:7,3
DA:8,3
DA:9,3
DA:12,1
DA:13,3
DA:14,3
DA:15,3
DA:16,3
LF:11
LH:11
BRF:0
BRH:0
end_of_record
TN:
SF:/Users/jenniferlawrence/codefellows/401/labs/08-09-http-routing-rest/src/lib/router.js
FN:9,(anonymous_0)
FN:18,(anonymous_1)
FN:22,(anonymous_2)
FN:26,(anonymous_3)
FN:29,(anonymous_4)
FN:33,(anonymous_5)
FN:34,(anonymous_6)
FN:36,(anonymous_7)
FN:45,(anonymous_8)
FNF:9
FNH:7
FNDA:1,(anonymous_0)
FNDA:1,(anonymous_1)
FNDA:1,(anonymous_2)
FNDA:0,(anonymous_3)
FNDA:1,(anonymous_4)
FNDA:1,(anonymous_5)
FNDA:6,(anonymous_6)
FNDA:6,(anonymous_7)
FNDA:0,(anonymous_8)
DA:3,1
DA:4,1
DA:5,1
DA:8,1
DA:10,1
DA:19,1
DA:23,1
DA:27,0
DA:30,1
DA:34,1
DA:35,6
DA:38,6
DA:39,6
DA:40,6
DA:42,0
DA:43,0
DA:46,0
DA:47,0
DA:48,0
LF:19
LH:13
BRDA:40,0,0,6
BRDA:40,0,1,0
BRF:2
BRH:1
end_of_record
TN:
SF:/Users/jenniferlawrence/codefellows/401/labs/08-09-http-routing-rest/src/lib/server.js
FN:13,(anonymous_0)
FN:14,(anonymous_1)
FNF:2
FNH:2
FNDA:1,(anonymous_0)
FNDA:1,(anonymous_1)
DA:3,1
DA:5,1
DA:6,1
DA:8,1
DA:9,1
DA:11,1
DA:13,1
DA:14,1
LF:8
LH:8
BRF:0
BRH:0
end_of_record
TN:
SF:/Users/jenniferlawrence/codefellows/401/labs/08-09-http-routing-rest/src/lib/storage/file-system.js
FN:8,(anonymous_0)
FN:11,(anonymous_1)
FN:14,(anonymous_2)
FN:22,(anonymous_3)
FN:24,(anonymous_4)
FN:25,(anonymous_5)
FN:32,(anonymous_6)
FN:34,(anonymous_7)
FN:35,(anonymous_8)
FNF:9
FNH:0
FNDA:0,(anonymous_0)
FNDA:0,(anonymous_1)
FNDA:0,(anonymous_2)
FNDA:0,(anonymous_3)
FNDA:0,(anonymous_4)
FNDA:0,(anonymous_5)
FNDA:0,(anonymous_6)
FNDA:0,(anonymous_7)
FNDA:0,(anonymous_8)
DA:3,1
DA:5,1
DA:6,1
DA:8,1
DA:9,0
DA:10,0
DA:11,0
DA:12,0
DA:13,0
DA:14,0
DA:15,0
DA:16,0
DA:18,0
DA:22,1
DA:23,0
DA:24,0
DA:25,0
DA:26,0
DA:27,0
DA:32,1
DA:33,0
DA:34,0
DA:35,0
DA:36,0
DA:37,0
LF:25
LH:6
BRDA:12,0,0,0
BRDA:12,0,1,0
BRDA:13,1,0,0
BRDA:13,1,1,0
BRDA:13,2,0,0
BRDA:13,2,1,0
BRDA:15,3,0,0
BRDA:15,3,1,0
BRDA:26,4,0,0
BRDA:26,4,1,0
BRDA:36,5,0,0
BRDA:36,5,1,0
BRF:12
BRH:0
end_of_record
TN:
SF:/Users/jenniferlawrence/codefellows/401/labs/08-09-http-routing-rest/src/lib/storage/main.js
FNF:0
FNH:0
DA:3,1
DA:4,1
DA:6,1
DA:8,1
LF:4
LH:4
BRDA:8,0,0,0
BRDA:8,0,1,1
BRF:2
BRH:1
end_of_record
TN:
SF:/Users/jenniferlawrence/codefellows/401/labs/08-09-http-routing-rest/src/lib/storage/memory.js
FN:8,(anonymous_0)
FN:9,(anonymous_1)
FN:19,(anonymous_2)
FN:27,(anonymous_3)
FN:28,(anonymous_4)
FNF:5
FNH:5
FNDA:8,(anonymous_0)
FNDA:8,(anonymous_1)
FNDA:1,(anonymous_2)
FNDA:2,(anonymous_3)
FNDA:2,(anonymous_4)
DA:3,1
DA:5,1
DA:6,1
DA:8,1
DA:9,8
DA:10,8
DA:11,8
DA:12,7
DA:13,7
DA:14,7
DA:15,7
DA:19,1
DA:20,1
DA:21,1
DA:22,1
DA:24,0
DA:27,1
DA:28,2
DA:29,2
DA:30,2
DA:32,2
DA:34,1
DA:35,1
DA:36,1
DA:37,1
DA:39,0
LF:26
LH:24
BRDA:10,0,0,0
BRDA:10,0,1,8
BRDA:11,1,0,1
BRDA:11,1,1,7
BRDA:11,2,0,8
BRDA:11,2,1,8
BRDA:12,3,0,1
BRDA:12,3,1,6
BRDA:20,4,0,1
BRDA:20,4,1,0
BRDA:29,5,0,0
BRDA:29,5,1,2
BRDA:30,6,0,0
BRDA:30,6,1,2
BRDA:32,7,0,1
BRDA:32,7,1,1
BRDA:34,8,0,1
BRDA:34,8,1,0
BRF:18
BRH:13
end_of_record
TN:
SF:/Users/jenniferlawrence/codefellows/401/labs/08-09-http-routing-rest/src/model/puppy.js
FN:7,(anonymous_0)
FN:14,(anonymous_1)
FN:18,(anonymous_2)
FN:22,(anonymous_3)
FNF:4
FNH:4
FNDA:8,(anonymous_0)
FNDA:8,(anonymous_1)
FNDA:1,(anonymous_2)
FNDA:2,(anonymous_3)
DA:3,1
DA:4,1
DA:6,1
DA:8,8
DA:9,8
DA:10,8
DA:11,8
DA:15,8
DA:19,1
DA:23,2
LF:10
LH:10
BRF:0
BRH:0
end_of_record
TN:
SF:/Users/jenniferlawrence/codefellows/401/labs/08-09-http-routing-rest/src/route/puppy-router.js
FN:7,(anonymous_0)
FN:8,(anonymous_1)
FN:12,(anonymous_2)
FN:16,(anonymous_3)
FN:24,(anonymous_4)
FN:32,(anonymous_5)
FN:35,(anonymous_6)
FN:41,(anonymous_7)
FN:49,(anonymous_8)
FN:52,(anonymous_9)
FNF:10
FNH:9
FNDA:1,(anonymous_0)
FNDA:2,(anonymous_1)
FNDA:1,(anonymous_2)
FNDA:1,(anonymous_3)
FNDA:2,(anonymous_4)
FNDA:1,(anonymous_5)
FNDA:0,(anonymous_6)
FNDA:2,(anonymous_7)
FNDA:1,(anonymous_8)
FNDA:1,(anonymous_9)
DA:3,1
DA:4,1
DA:5,1
DA:7,1
DA:8,1
DA:9,2
DA:10,2
DA:11,2
DA:13,1
DA:14,1
DA:17,1
DA:18,1
DA:19,1
DA:24,1
DA:25,2
DA:26,2
DA:27,1
DA:28,1
DA:31,1
DA:33,1
DA:36,0
DA:38,1
DA:41,1
DA:42,2
DA:43,2
DA:44,0
DA:45,0
DA:48,2
DA:50,1
DA:53,1
DA:55,2
LF:31
LH:28
BRDA:26,0,0,1
BRDA:26,0,1,1
BRDA:43,1,0,0
BRDA:43,1,1,2
BRF:4
BRH:3
end_of_record
